Downloads/Setups/SampleLoginWithAmazonAppForAndroid-src._TTH_/SampleLoginWithAmazonAppForAndroid-src/build/outputs/logs/manifest-merger-debug-report.txt
-- Merging decision tree log ---
data
INJECTED from SampleLoginWithAmazonAppForAndroid-src._TTH_\SampleLoginWithAmazonAppForAndroid-src\AndroidManifest.xml:30:17-32:44
	android:host
		INJECTED from SampleLoginWithAmazonAppForAndroid-src._TTH_\SampleLoginWithAmazonAppForAndroid-src\AndroidManifest.xml
		ADDED from SampleLoginWithAmazonAppForAndroid-src._TTH_\SampleLoginWithAmazonAppForAndroid-src\AndroidManifest.xml:31:21-52
	android:scheme
		ADDED from SampleLoginWithAmazonAppForAndroid-src._TTH_\SampleLoginWithAmazonAppForAndroid-src\AndroidManifest.xml:32:21-42
manifest
ADDED from SampleLoginWithAmazonAppForAndroid-src._TTH_\SampleLoginWithAmazonAppForAndroid-src\AndroidManifest.xml:2:1-47:12
INJECTED from SampleLoginWithAmazonAppForAndroid-src._TTH_\SampleLoginWithAmazonAppForAndroid-src\AndroidManifest.xml:2:1-47:12
INJECTED from SampleLoginWithAmazonAppForAndroid-src._TTH_\SampleLoginWithAmazonAppForAndroid-src\AndroidManifest.xml:2:1-47:12
MERGED from [com.android.support:support-v4:25.0.0] AndroidManifest.xml:17:1-27:12
MERGED from [com.android.support:support-fragment:25.0.0] AndroidManifest.xml:17:1-27:12
MERGED from [com.android.support:support-media-compat:25.0.0] AndroidManifest.xml:17:1-27:12
MERGED from [com.android.support:support-core-utils:25.0.0] AndroidManifest.xml:17:1-27:12
MERGED from [com.android.support:support-core-ui:25.0.0] AndroidManifest.xml:17:1-27:12
MERGED from [com.android.support:support-compat:25.0.0] AndroidManifest.xml:17:1-27:12
INJECTED from SampleLoginWithAmazonAppForAndroid-src._TTH_\SampleLoginWithAmazonAppForAndroid-src\AndroidManifest.xml:2:1-47:12
INJECTED from SampleLoginWithAmazonAppForAndroid-src._TTH_\SampleLoginWithAmazonAppForAndroid-src\AndroidManifest.xml:2:1-47:12
	package
		ADDED from SampleLoginWithAmazonAppForAndroid-src._TTH_\SampleLoginWithAmazonAppForAndroid-src\AndroidManifest.xml:3:11-59
	android:versionName
		ADDED from SampleLoginWithAmazonAppForAndroid-src._TTH_\SampleLoginWithAmazonAppForAndroid-src\AndroidManifest.xml:5:11-38
		INJECTED from SampleLoginWithAmazonAppForAndroid-src._TTH_\SampleLoginWithAmazonAppForAndroid-src\AndroidManifest.xml
		INJECTED from SampleLoginWithAmazonAppForAndroid-src._TTH_\SampleLoginWithAmazonAppForAndroid-src\AndroidManifest.xml
	xmlns:android
		ADDED from SampleLoginWithAmazonAppForAndroid-src._TTH_\SampleLoginWithAmazonAppForAndroid-src\AndroidManifest.xml:2:11-69
	android:versionCode
		ADDED from SampleLoginWithAmazonAppForAndroid-src._TTH_\SampleLoginWithAmazonAppForAndroid-src\AndroidManifest.xml:4:11-42
		INJECTED from SampleLoginWithAmazonAppForAndroid-src._TTH_\SampleLoginWithAmazonAppForAndroid-src\AndroidManifest.xml
		INJECTED from SampleLoginWithAmazonAppForAndroid-src._TTH_\SampleLoginWithAmazonAppForAndroid-src\AndroidManifest.xml
uses-sdk
ADDED from SampleLoginWithAmazonAppForAndroid-src._TTH_\SampleLoginWithAmazonAppForAndroid-src\AndroidManifest.xml:7:5-9:40
INJECTED from SampleLoginWithAmazonAppForAndroid-src._TTH_\SampleLoginWithAmazonAppForAndroid-src\AndroidManifest.xml:7:5-9:40
MERGED from [com.android.support:support-v4:25.0.0] AndroidManifest.xml:21:5-23:54
MERGED from [com.android.support:support-v4:25.0.0] AndroidManifest.xml:21:5-23:54
MERGED from [com.android.support:support-fragment:25.0.0] AndroidManifest.xml:21:5-23:60
MERGED from [com.android.support:support-fragment:25.0.0] AndroidManifest.xml:21:5-23:60
MERGED from [com.android.support:support-media-compat:25.0.0] AndroidManifest.xml:21:5-23:63
MERGED from [com.android.support:support-media-compat:25.0.0] AndroidManifest.xml:21:5-23:63
MERGED from [com.android.support:support-core-utils:25.0.0] AndroidManifest.xml:21:5-23:61
MERGED from [com.android.support:support-core-utils:25.0.0] AndroidManifest.xml:21:5-23:61
MERGED from [com.android.support:support-core-ui:25.0.0] AndroidManifest.xml:21:5-23:58
MERGED from [com.android.support:support-core-ui:25.0.0] AndroidManifest.xml:21:5-23:58
MERGED from [com.android.support:support-compat:25.0.0] AndroidManifest.xml:21:5-23:58
MERGED from [com.android.support:support-compat:25.0.0] AndroidManifest.xml:21:5-23:58
INJECTED from SampleLoginWithAmazonAppForAndroid-src._TTH_\SampleLoginWithAmazonAppForAndroid-src\AndroidManifest.xml:7:5-9:40
	tools:overrideLibrary
		ADDED from [com.android.support:support-v4:25.0.0] AndroidManifest.xml:23:9-51
	android:targetSdkVersion
		ADDED from SampleLoginWithAmazonAppForAndroid-src._TTH_\SampleLoginWithAmazonAppForAndroid-src\AndroidManifest.xml:9:9-38
		INJECTED from SampleLoginWithAmazonAppForAndroid-src._TTH_\SampleLoginWithAmazonAppForAndroid-src\AndroidManifest.xml
		INJECTED from SampleLoginWithAmazonAppForAndroid-src._TTH_\SampleLoginWithAmazonAppForAndroid-src\AndroidManifest.xml
	android:minSdkVersion
		ADDED from SampleLoginWithAmazonAppForAndroid-src._TTH_\SampleLoginWithAmazonAppForAndroid-src\AndroidManifest.xml:8:9-35
uses-permission#android.permission.INTERNET
ADDED from SampleLoginWithAmazonAppForAndroid-src._TTH_\SampleLoginWithAmazonAppForAndroid-src\AndroidManifest.xml:11:5-66
	android:name
		ADDED from SampleLoginWithAmazonAppForAndroid-src._TTH_\SampleLoginWithAmazonAppForAndroid-src\AndroidManifest.xml:11:22-64
uses-permission#android.permission.ACCESS_NETWORK_STATE
ADDED from SampleLoginWithAmazonAppForAndroid-src._TTH_\SampleLoginWithAmazonAppForAndroid-src\AndroidManifest.xml:12:5-78
	android:name
		ADDED from SampleLoginWithAmazonAppForAndroid-src._TTH_\SampleLoginWithAmazonAppForAndroid-src\AndroidManifest.xml:12:22-76
application
ADDED from SampleLoginWithAmazonAppForAndroid-src._TTH_\SampleLoginWithAmazonAppForAndroid-src\AndroidManifest.xml:14:5-45:19
MERGED from [com.android.support:support-v4:25.0.0] AndroidManifest.xml:25:5-20
MERGED from [com.android.support:support-v4:25.0.0] AndroidManifest.xml:25:5-20
MERGED from [com.android.support:support-fragment:25.0.0] AndroidManifest.xml:25:5-20
MERGED from [com.android.support:support-fragment:25.0.0] AndroidManifest.xml:25:5-20
MERGED from [com.android.support:support-media-compat:25.0.0] AndroidManifest.xml:25:5-20
MERGED from [com.android.support:support-media-compat:25.0.0] AndroidManifest.xml:25:5-20
MERGED from [com.android.support:support-core-utils:25.0.0] AndroidManifest.xml:25:5-20
MERGED from [com.android.support:support-core-utils:25.0.0] AndroidManifest.xml:25:5-20
MERGED from [com.android.support:support-core-ui:25.0.0] AndroidManifest.xml:25:5-20
MERGED from [com.android.support:support-core-ui:25.0.0] AndroidManifest.xml:25:5-20
MERGED from [com.android.support:support-compat:25.0.0] AndroidManifest.xml:25:5-20
MERGED from [com.android.support:support-compat:25.0.0] AndroidManifest.xml:25:5-20
	android:label
		ADDED from SampleLoginWithAmazonAppForAndroid-src._TTH_\SampleLoginWithAmazonAppForAndroid-src\AndroidManifest.xml:17:9-41
	android:icon
		ADDED from SampleLoginWithAmazonAppForAndroid-src._TTH_\SampleLoginWithAmazonAppForAndroid-src\AndroidManifest.xml:16:9-49
	android:allowBackup
		ADDED from SampleLoginWithAmazonAppForAndroid-src._TTH_\SampleLoginWithAmazonAppForAndroid-src\AndroidManifest.xml:15:9-35
	android:theme
		ADDED from SampleLoginWithAmazonAppForAndroid-src._TTH_\SampleLoginWithAmazonAppForAndroid-src\AndroidManifest.xml:18:9-40
activity#com.amazon.identity.auth.device.workflow.WorkflowActivity
ADDED from SampleLoginWithAmazonAppForAndroid-src._TTH_\SampleLoginWithAmazonAppForAndroid-src\AndroidManifest.xml:19:9-34:20
	android:launchMode
		ADDED from SampleLoginWithAmazonAppForAndroid-src._TTH_\SampleLoginWithAmazonAppForAndroid-src\AndroidManifest.xml:22:13-44
	android:allowTaskReparenting
		ADDED from SampleLoginWithAmazonAppForAndroid-src._TTH_\SampleLoginWithAmazonAppForAndroid-src\AndroidManifest.xml:21:13-48
	android:theme
		ADDED from SampleLoginWithAmazonAppForAndroid-src._TTH_\SampleLoginWithAmazonAppForAndroid-src\AndroidManifest.xml:23:13-59
	android:name
		ADDED from SampleLoginWithAmazonAppForAndroid-src._TTH_\SampleLoginWithAmazonAppForAndroid-src\AndroidManifest.xml:20:13-85
intent-filter#android.intent.action.VIEW+android.intent.category.BROWSABLE+android.intent.category.DEFAULT
ADDED from SampleLoginWithAmazonAppForAndroid-src._TTH_\SampleLoginWithAmazonAppForAndroid-src\AndroidManifest.xml:24:13-33:29
action#android.intent.action.VIEW
ADDED from SampleLoginWithAmazonAppForAndroid-src._TTH_\SampleLoginWithAmazonAppForAndroid-src\AndroidManifest.xml:25:17-68
	android:name
		ADDED from SampleLoginWithAmazonAppForAndroid-src._TTH_\SampleLoginWithAmazonAppForAndroid-src\AndroidManifest.xml:25:25-66
category#android.intent.category.DEFAULT
ADDED from SampleLoginWithAmazonAppForAndroid-src._TTH_\SampleLoginWithAmazonAppForAndroid-src\AndroidManifest.xml:27:17-75
	android:name
		ADDED from SampleLoginWithAmazonAppForAndroid-src._TTH_\SampleLoginWithAmazonAppForAndroid-src\AndroidManifest.xml:27:27-73
category#android.intent.category.BROWSABLE
ADDED from SampleLoginWithAmazonAppForAndroid-src._TTH_\SampleLoginWithAmazonAppForAndroid-src\AndroidManifest.xml:28:17-77
	android:name
		ADDED from SampleLoginWithAmazonAppForAndroid-src._TTH_\SampleLoginWithAmazonAppForAndroid-src\AndroidManifest.xml:28:27-75
activity#com.amazon.identity.auth.device.lwaapp.SampleLoginWithAmazonActivity
ADDED from SampleLoginWithAmazonAppForAndroid-src._TTH_\SampleLoginWithAmazonAppForAndroid-src\AndroidManifest.xml:35:9-44:20
	android:label
		ADDED from SampleLoginWithAmazonAppForAndroid-src._TTH_\SampleLoginWithAmazonAppForAndroid-src\AndroidManifest.xml:38:13-45
	android:configChanges
		ADDED from SampleLoginWithAmazonAppForAndroid-src._TTH_\SampleLoginWithAmazonAppForAndroid-src\AndroidManifest.xml:37:13-72
	android:name
		ADDED from SampleLoginWithAmazonAppForAndroid-src._TTH_\SampleLoginWithAmazonAppForAndroid-src\AndroidManifest.xml:36:13-58
intent-filter#android.intent.action.MAIN+android.intent.category.LAUNCHER
ADDED from SampleLoginWithAmazonAppForAndroid-src._TTH_\SampleLoginWithAmazonAppForAndroid-src\AndroidManifest.xml:39:13-43:29
action#android.intent.action.MAIN
ADDED from SampleLoginWithAmazonAppForAndroid-src._TTH_\SampleLoginWithAmazonAppForAndroid-src\AndroidManifest.xml:40:17-68
	android:name
		ADDED from SampleLoginWithAmazonAppForAndroid-src._TTH_\SampleLoginWithAmazonAppForAndroid-src\AndroidManifest.xml:40:25-66
category#android.intent.category.LAUNCHER
ADDED from SampleLoginWithAmazonAppForAndroid-src._TTH_\SampleLoginWithAmazonAppForAndroid-src\AndroidManifest.xml:42:17-76
	android:name
		ADDED from SampleLoginWithAmazonAppForAndroid-src._TTH_\SampleLoginWithAmazonAppForAndroid-src\AndroidManifest.xml:42:27-74